android-pdfview/build/outputs/logs/manifest-merger-release-report.txt
-- Merging decision tree log ---
manifest
ADDED from MyStashAppProject\android-pdfview\AndroidManifest.xml:21:1-31:12
INJECTED from MyStashAppProject\android-pdfview\AndroidManifest.xml:21:1-31:12
INJECTED from MyStashAppProject\android-pdfview\AndroidManifest.xml:21:1-31:12
INJECTED from MyStashAppProject\android-pdfview\AndroidManifest.xml:21:1-31:12
INJECTED from MyStashAppProject\android-pdfview\AndroidManifest.xml:21:1-31:12
INJECTED from MyStashAppProject\android-pdfview\AndroidManifest.xml:21:1-31:12
INJECTED from MyStashAppProject\android-pdfview\AndroidManifest.xml:21:1-31:12
	package
		ADDED from MyStashAppProject\android-pdfview\AndroidManifest.xml:22:5-37
		INJECTED from MyStashAppProject\android-pdfview\AndroidManifest.xml
		INJECTED from MyStashAppProject\android-pdfview\AndroidManifest.xml
	android:versionName
		ADDED from MyStashAppProject\android-pdfview\AndroidManifest.xml:24:5-32
		INJECTED from MyStashAppProject\android-pdfview\AndroidManifest.xml
		INJECTED from MyStashAppProject\android-pdfview\AndroidManifest.xml
	xmlns:android
		ADDED from MyStashAppProject\android-pdfview\AndroidManifest.xml:21:11-69
	android:versionCode
		ADDED from MyStashAppProject\android-pdfview\AndroidManifest.xml:23:5-28
		INJECTED from MyStashAppProject\android-pdfview\AndroidManifest.xml
		INJECTED from MyStashAppProject\android-pdfview\AndroidManifest.xml
uses-sdk
ADDED from MyStashAppProject\android-pdfview\AndroidManifest.xml:27:5-29:41
	android:targetSdkVersion
		ADDED from MyStashAppProject\android-pdfview\AndroidManifest.xml:29:9-38
	android:minSdkVersion
		ADDED from MyStashAppProject\android-pdfview\AndroidManifest.xml:28:9-34